[INFO] 2024-03-15 08:00:01 Aplicación iniciada correctamente
[INFO] 2024-03-15 08:01:12 Usuario admin inició sesión
[WARN] 2024-03-15 08:05:44 Uso de CPU al 80%
[ERROR] 2024-03-15 08:10:22 Conexión fallida al servidor de base de datos
[DEBUG] 2024-03-15 08:11:00 Variable x=42 en función calcularTotal
[INFO] 2024-03-15 08:15:30 Solicitud GET /api/usuarios procesada
[ERROR] 2024-03-15 08:20:05 Timeout al conectar con el servicio externo
[WARN] 2024-03-15 08:25:18 Memoria disponible por debajo del umbral
[DEBUG] 2024-03-15 08:30:00 Entrando al módulo de autenticación
[INFO] 2024-03-15 09:00:00 Backup diario completado exitosamente
[ERROR] 2024-03-15 09:05:55 Archivo de configuración no encontrado
[WARN] 2024-03-15 09:10:10 Certificado SSL próximo a vencer
[INFO] 2024-03-15 09:15:00 Caché limpiado correctamente
[DEBUG] 2024-03-15 09:20:33 Respuesta del servidor: 200 OK
[ERROR] 2024-03-15 09:25:47 Permiso denegado al escribir en /var/log/app.log

ERROR 2024-03-15 09:30:00 Línea sin corchetes no es válida
[ERROR] 2024-03-15 Falta la hora en esta línea
[CRITICAL] 2024-03-15 09:35:00 Nivel no reconocido
INFO 2024-03-15 09:40:00 Otra línea sin corchetes
[ERROR]2024-03-15 09:45:00 Falta espacio después del nivel
[WARN] 2024-03-15 09:50:00
[ERROR] 09:55:00 2024-03-15 Fecha y hora invertidas

[INFO] 2024-03-15 10:00:00 Nueva sesión de usuario registrada
[WARN] 2024-03-15 10:05:00 Demasiadas conexiones simultáneas
[ERROR] 2024-03-15 10:10:00 Error crítico en el módulo de pagos
[DEBUG] 2024-03-15 10:15:00 Consulta SQL ejecutada en 320ms
[INFO] 2024-03-15 10:20:00 Reporte generado y enviado por correo
